Vivado Simulator 2018.2
Time resolution is 1 ps
IP: 00000000
Flags: 00
Current Instruction: 0000
R00: 00
R01: 00
R02: 00
R03: 00
R04: 00
R05: 00
R06: 00
R07: 00
R08: 00
R09: 00
R10: 00
R11: 00
R12: 00
R13: 00
R14: 00
R15: 00
-----------------------

IP: 00000000
Flags: 00
Current Instruction: 2000
R00: 00
R01: 00
R02: 00
R03: 00
R04: 00
R05: 00
R06: 00
R07: 00
R08: 00
R09: 00
R10: 00
R11: 00
R12: 00
R13: 00
R14: 00
R15: 00
-----------------------

IP: 00000002
Flags: 00
Current Instruction: 0101
R00: 00
R01: 00
R02: 00
R03: 00
R04: 00
R05: 00
R06: 00
R07: 00
R08: 00
R09: 00
R10: 00
R11: 00
R12: 00
R13: 00
R14: 00
R15: 00
-----------------------

IP: 00000002
Flags: 00
Current Instruction: 2101
R00: 00
R01: 00
R02: 00
R03: 00
R04: 00
R05: 00
R06: 00
R07: 00
R08: 00
R09: 00
R10: 00
R11: 00
R12: 00
R13: 00
R14: 00
R15: 00
-----------------------

IP: 00000004
Flags: 00
Current Instruction: 0303
R00: 00
R01: 01
R02: 00
R03: 00
R04: 00
R05: 00
R06: 00
R07: 00
R08: 00
R09: 00
R10: 00
R11: 00
R12: 00
R13: 00
R14: 00
R15: 00
-----------------------

IP: 00000004
Flags: 00
Current Instruction: 2303
R00: 00
R01: 01
R02: 00
R03: 00
R04: 00
R05: 00
R06: 00
R07: 00
R08: 00
R09: 00
R10: 00
R11: 00
R12: 00
R13: 00
R14: 00
R15: 00
-----------------------

IP: 00000006
Flags: 00
Current Instruction: 0101
R00: 00
R01: 01
R02: 00
R03: 03
R04: 00
R05: 00
R06: 00
R07: 00
R08: 00
R09: 00
R10: 00
R11: 00
R12: 00
R13: 00
R14: 00
R15: 00
-----------------------

IP: 00000006
Flags: 00
Current Instruction: 0001
R00: 00
R01: 01
R02: 00
R03: 03
R04: 00
R05: 00
R06: 00
R07: 00
R08: 00
R09: 00
R10: 00
R11: 00
R12: 00
R13: 00
R14: 00
R15: 00
-----------------------

IP: 00000008
Flags: 00
Current Instruction: 2020
R00: 01
R01: 01
R02: 00
R03: 03
R04: 00
R05: 00
R06: 00
R07: 00
R08: 00
R09: 00
R10: 00
R11: 00
R12: 00
R13: 00
R14: 00
R15: 00
-----------------------

IP: 00000008
Flags: 00
Current Instruction: 1020
R00: 01
R01: 01
R02: 00
R03: 03
R04: 00
R05: 00
R06: 00
R07: 00
R08: 00
R09: 00
R10: 00
R11: 00
R12: 00
R13: 00
R14: 00
R15: 00
-----------------------

IP: 0000000a
Flags: 00
Current Instruction: 0101
R00: 01
R01: 01
R02: 01
R03: 03
R04: 00
R05: 00
R06: 00
R07: 00
R08: 00
R09: 00
R10: 00
R11: 00
R12: 00
R13: 00
R14: 00
R15: 00
-----------------------

IP: 0000000a
Flags: 00
Current Instruction: 1001
R00: 01
R01: 01
R02: 01
R03: 03
R04: 00
R05: 00
R06: 00
R07: 00
R08: 00
R09: 00
R10: 00
R11: 00
R12: 00
R13: 00
R14: 00
R15: 00
-----------------------

IP: 0000000c
Flags: 00
Current Instruction: 1212
R00: 01
R01: 01
R02: 01
R03: 03
R04: 00
R05: 00
R06: 00
R07: 00
R08: 00
R09: 00
R10: 00
R11: 00
R12: 00
R13: 00
R14: 00
R15: 00
-----------------------

IP: 0000000c
Flags: 00
Current Instruction: 1012
R00: 01
R01: 01
R02: 01
R03: 03
R04: 00
R05: 00
R06: 00
R07: 00
R08: 00
R09: 00
R10: 00
R11: 00
R12: 00
R13: 00
R14: 00
R15: 00
-----------------------

IP: 0000000e
Flags: 00
Current Instruction: 3131
R00: 01
R01: 01
R02: 01
R03: 03
R04: 00
R05: 00
R06: 00
R07: 00
R08: 00
R09: 00
R10: 00
R11: 00
R12: 00
R13: 00
R14: 00
R15: 00
-----------------------

IP: 0000000e
Flags: 00
Current Instruction: 0631
R00: 01
R01: 01
R02: 01
R03: 03
R04: 00
R05: 00
R06: 00
R07: 00
R08: 00
R09: 00
R10: 00
R11: 00
R12: 00
R13: 00
R14: 00
R15: 00
-----------------------

IP: 00000010
Flags: 02
Current Instruction: fbfb
R00: 01
R01: 01
R02: 01
R03: 03
R04: 00
R05: 00
R06: 00
R07: 00
R08: 00
R09: 00
R10: 00
R11: 00
R12: 00
R13: 00
R14: 00
R15: 00
-----------------------

IP: 00000010
Flags: 02
Current Instruction: 43fb
R00: 01
R01: 01
R02: 01
R03: 03
R04: 00
R05: 00
R06: 00
R07: 00
R08: 00
R09: 00
R10: 00
R11: 00
R12: 00
R13: 00
R14: 00
R15: 00
-----------------------

IP: 00000006
Flags: 02
Current Instruction: 0101
R00: 01
R01: 01
R02: 01
R03: 03
R04: 00
R05: 00
R06: 00
R07: 00
R08: 00
R09: 00
R10: 00
R11: 00
R12: 00
R13: 00
R14: 00
R15: 00
-----------------------

IP: 00000006
Flags: 02
Current Instruction: 0001
R00: 01
R01: 01
R02: 01
R03: 03
R04: 00
R05: 00
R06: 00
R07: 00
R08: 00
R09: 00
R10: 00
R11: 00
R12: 00
R13: 00
R14: 00
R15: 00
-----------------------

IP: 00000008
Flags: 02
Current Instruction: 2020
R00: 02
R01: 01
R02: 01
R03: 03
R04: 00
R05: 00
R06: 00
R07: 00
R08: 00
R09: 00
R10: 00
R11: 00
R12: 00
R13: 00
R14: 00
R15: 00
-----------------------

IP: 00000008
Flags: 02
Current Instruction: 1020
R00: 02
R01: 01
R02: 01
R03: 03
R04: 00
R05: 00
R06: 00
R07: 00
R08: 00
R09: 00
R10: 00
R11: 00
R12: 00
R13: 00
R14: 00
R15: 00
-----------------------

IP: 0000000a
Flags: 02
Current Instruction: 0101
R00: 02
R01: 01
R02: 02
R03: 03
R04: 00
R05: 00
R06: 00
R07: 00
R08: 00
R09: 00
R10: 00
R11: 00
R12: 00
R13: 00
R14: 00
R15: 00
-----------------------

IP: 0000000a
Flags: 02
Current Instruction: 1001
R00: 02
R01: 01
R02: 02
R03: 03
R04: 00
R05: 00
R06: 00
R07: 00
R08: 00
R09: 00
R10: 00
R11: 00
R12: 00
R13: 00
R14: 00
R15: 00
-----------------------

IP: 0000000c
Flags: 02
Current Instruction: 1212
R00: 01
R01: 01
R02: 02
R03: 03
R04: 00
R05: 00
R06: 00
R07: 00
R08: 00
R09: 00
R10: 00
R11: 00
R12: 00
R13: 00
R14: 00
R15: 00
-----------------------

IP: 0000000c
Flags: 02
Current Instruction: 1012
R00: 01
R01: 01
R02: 02
R03: 03
R04: 00
R05: 00
R06: 00
R07: 00
R08: 00
R09: 00
R10: 00
R11: 00
R12: 00
R13: 00
R14: 00
R15: 00
-----------------------

IP: 0000000e
Flags: 02
Current Instruction: 3131
R00: 01
R01: 02
R02: 02
R03: 03
R04: 00
R05: 00
R06: 00
R07: 00
R08: 00
R09: 00
R10: 00
R11: 00
R12: 00
R13: 00
R14: 00
R15: 00
-----------------------

IP: 0000000e
Flags: 02
Current Instruction: 0631
R00: 01
R01: 02
R02: 02
R03: 03
R04: 00
R05: 00
R06: 00
R07: 00
R08: 00
R09: 00
R10: 00
R11: 00
R12: 00
R13: 00
R14: 00
R15: 00
-----------------------

IP: 00000010
Flags: 02
Current Instruction: fbfb
R00: 01
R01: 02
R02: 02
R03: 03
R04: 00
R05: 00
R06: 00
R07: 00
R08: 00
R09: 00
R10: 00
R11: 00
R12: 00
R13: 00
R14: 00
R15: 00
-----------------------

IP: 00000010
Flags: 02
Current Instruction: 43fb
R00: 01
R01: 02
R02: 02
R03: 03
R04: 00
R05: 00
R06: 00
R07: 00
R08: 00
R09: 00
R10: 00
R11: 00
R12: 00
R13: 00
R14: 00
R15: 00
-----------------------

IP: 00000006
Flags: 02
Current Instruction: 0101
R00: 01
R01: 02
R02: 02
R03: 03
R04: 00
R05: 00
R06: 00
R07: 00
R08: 00
R09: 00
R10: 00
R11: 00
R12: 00
R13: 00
R14: 00
R15: 00
-----------------------

IP: 00000006
Flags: 02
Current Instruction: 0001
R00: 01
R01: 02
R02: 02
R03: 03
R04: 00
R05: 00
R06: 00
R07: 00
R08: 00
R09: 00
R10: 00
R11: 00
R12: 00
R13: 00
R14: 00
R15: 00
-----------------------

IP: 00000008
Flags: 02
Current Instruction: 2020
R00: 03
R01: 02
R02: 02
R03: 03
R04: 00
R05: 00
R06: 00
R07: 00
R08: 00
R09: 00
R10: 00
R11: 00
R12: 00
R13: 00
R14: 00
R15: 00
-----------------------

IP: 00000008
Flags: 02
Current Instruction: 1020
R00: 03
R01: 02
R02: 02
R03: 03
R04: 00
R05: 00
R06: 00
R07: 00
R08: 00
R09: 00
R10: 00
R11: 00
R12: 00
R13: 00
R14: 00
R15: 00
-----------------------

IP: 0000000a
Flags: 02
Current Instruction: 0101
R00: 03
R01: 02
R02: 03
R03: 03
R04: 00
R05: 00
R06: 00
R07: 00
R08: 00
R09: 00
R10: 00
R11: 00
R12: 00
R13: 00
R14: 00
R15: 00
-----------------------

IP: 0000000a
Flags: 02
Current Instruction: 1001
R00: 03
R01: 02
R02: 03
R03: 03
R04: 00
R05: 00
R06: 00
R07: 00
R08: 00
R09: 00
R10: 00
R11: 00
R12: 00
R13: 00
R14: 00
R15: 00
-----------------------

IP: 0000000c
Flags: 02
Current Instruction: 1212
R00: 02
R01: 02
R02: 03
R03: 03
R04: 00
R05: 00
R06: 00
R07: 00
R08: 00
R09: 00
R10: 00
R11: 00
R12: 00
R13: 00
R14: 00
R15: 00
-----------------------

IP: 0000000c
Flags: 02
Current Instruction: 1012
R00: 02
R01: 02
R02: 03
R03: 03
R04: 00
R05: 00
R06: 00
R07: 00
R08: 00
R09: 00
R10: 00
R11: 00
R12: 00
R13: 00
R14: 00
R15: 00
-----------------------

IP: 0000000e
Flags: 02
Current Instruction: 3131
R00: 02
R01: 03
R02: 03
R03: 03
R04: 00
R05: 00
R06: 00
R07: 00
R08: 00
R09: 00
R10: 00
R11: 00
R12: 00
R13: 00
R14: 00
R15: 00
-----------------------

IP: 0000000e
Flags: 02
Current Instruction: 0631
R00: 02
R01: 03
R02: 03
R03: 03
R04: 00
R05: 00
R06: 00
R07: 00
R08: 00
R09: 00
R10: 00
R11: 00
R12: 00
R13: 00
R14: 00
R15: 00
-----------------------

IP: 00000010
Flags: 01
Current Instruction: fbfb
R00: 02
R01: 03
R02: 03
R03: 03
R04: 00
R05: 00
R06: 00
R07: 00
R08: 00
R09: 00
R10: 00
R11: 00
R12: 00
R13: 00
R14: 00
R15: 00
-----------------------

IP: 00000010
Flags: 01
Current Instruction: 43fb
R00: 02
R01: 03
R02: 03
R03: 03
R04: 00
R05: 00
R06: 00
R07: 00
R08: 00
R09: 00
R10: 00
R11: 00
R12: 00
R13: 00
R14: 00
R15: 00
-----------------------

IP: 00000012
Flags: 01
Current Instruction: 0000
R00: 02
R01: 03
R02: 03
R03: 03
R04: 00
R05: 00
R06: 00
R07: 00
R08: 00
R09: 00
R10: 00
R11: 00
R12: 00
R13: 00
R14: 00
R15: 00
-----------------------

IP: 00000012
Flags: 01
Current Instruction: 2e00
R00: 02
R01: 03
R02: 03
R03: 03
R04: 00
R05: 00
R06: 00
R07: 00
R08: 00
R09: 00
R10: 00
R11: 00
R12: 00
R13: 00
R14: 00
R15: 00
-----------------------

IP: 00000014
Flags: 01
Current Instruction: 3232
R00: 02
R01: 03
R02: 03
R03: 03
R04: 00
R05: 00
R06: 00
R07: 00
R08: 00
R09: 00
R10: 00
R11: 00
R12: 00
R13: 00
R14: 00
R15: 00
-----------------------

IP: 00000014
Flags: 01
Current Instruction: 2f32
R00: 02
R01: 03
R02: 03
R03: 03
R04: 00
R05: 00
R06: 00
R07: 00
R08: 00
R09: 00
R10: 00
R11: 00
R12: 00
R13: 00
R14: 00
R15: 00
-----------------------

IP: 00000016
Flags: 01
Current Instruction: 1010
R00: 02
R01: 03
R02: 03
R03: 03
R04: 00
R05: 00
R06: 00
R07: 00
R08: 00
R09: 00
R10: 00
R11: 00
R12: 00
R13: 00
R14: 00
R15: 32
-----------------------

IP: 00000016
Flags: 01
Current Instruction: 1210
R00: 02
R01: 03
R02: 03
R03: 03
R04: 00
R05: 00
R06: 00
R07: 00
R08: 00
R09: 00
R10: 00
R11: 00
R12: 00
R13: 00
R14: 00
R15: 32
-----------------------

IP: 00000018
Flags: 01
Current Instruction: xxxx
R00: 02
R01: 03
R02: 03
R03: 03
R04: 00
R05: 00
R06: 00
R07: 00
R08: 00
R09: 00
R10: 00
R11: 00
R12: 00
R13: 00
R14: 00
R15: 32
-----------------------

IP: 00000018
Flags: 01
Current Instruction: xxxx
R00: 02
R01: 03
R02: 03
R03: 03
R04: 00
R05: 00
R06: 00
R07: 00
R08: 00
R09: 00
R10: 00
R11: 00
R12: 00
R13: 00
R14: 00
R15: 32
-----------------------

IP: 00000018
Flags: 01
Current Instruction: xxxx
R00: 02
R01: 03
R02: 03
R03: 03
R04: 00
R05: 00
R06: 00
R07: 00
R08: 00
R09: 00
R10: 00
R11: 00
R12: 00
R13: 00
R14: 00
R15: 32
-----------------------

IP: 00000018
Flags: 01
Current Instruction: xxxx
R00: 02
R01: 03
R02: 03
R03: 03
R04: 00
R05: 00
R06: 00
R07: 00
R08: 00
R09: 00
R10: 00
R11: 00
R12: 00
R13: 00
R14: 00
R15: 32
-----------------------

IP: 00000018
Flags: 01
Current Instruction: xxxx
R00: 02
R01: 03
R02: 03
R03: 03
R04: 00
R05: 00
R06: 00
R07: 00
R08: 00
R09: 00
R10: 00
R11: 00
R12: 00
R13: 00
R14: 00
R15: 32
-----------------------

IP: 00000018
Flags: 01
Current Instruction: xxxx
R00: 02
R01: 03
R02: 03
R03: 03
R04: 00
R05: 00
R06: 00
R07: 00
R08: 00
R09: 00
R10: 00
R11: 00
R12: 00
R13: 00
R14: 00
R15: 32
-----------------------

IP: 00000018
Flags: 01
Current Instruction: xxxx
R00: 02
R01: 03
R02: 03
R03: 03
R04: 00
R05: 00
R06: 00
R07: 00
R08: 00
R09: 00
R10: 00
R11: 00
R12: 00
R13: 00
R14: 00
R15: 32
-----------------------

IP: 00000018
Flags: 01
Current Instruction: xxxx
R00: 02
R01: 03
R02: 03
R03: 03
R04: 00
R05: 00
R06: 00
R07: 00
R08: 00
R09: 00
R10: 00
R11: 00
R12: 00
R13: 00
R14: 00
R15: 32
-----------------------

IP: 00000018
Flags: 01
Current Instruction: xxxx
R00: 02
R01: 03
R02: 03
R03: 03
R04: 00
R05: 00
R06: 00
R07: 00
R08: 00
R09: 00
R10: 00
R11: 00
R12: 00
R13: 00
R14: 00
R15: 32
-----------------------

IP: 00000018
Flags: 01
Current Instruction: xxxx
R00: 02
R01: 03
R02: 03
R03: 03
R04: 00
R05: 00
R06: 00
R07: 00
R08: 00
R09: 00
R10: 00
R11: 00
R12: 00
R13: 00
R14: 00
R15: 32
-----------------------

IP: 00000018
Flags: 01
Current Instruction: xxxx
R00: 02
R01: 03
R02: 03
R03: 03
R04: 00
R05: 00
R06: 00
R07: 00
R08: 00
R09: 00
R10: 00
R11: 00
R12: 00
R13: 00
R14: 00
R15: 32
-----------------------

IP: 00000018
Flags: 01
Current Instruction: xxxx
R00: 02
R01: 03
R02: 03
R03: 03
R04: 00
R05: 00
R06: 00
R07: 00
R08: 00
R09: 00
R10: 00
R11: 00
R12: 00
R13: 00
R14: 00
R15: 32
-----------------------

IP: 00000018
Flags: 01
Current Instruction: xxxx
R00: 02
R01: 03
R02: 03
R03: 03
R04: 00
R05: 00
R06: 00
R07: 00
R08: 00
R09: 00
R10: 00
R11: 00
R12: 00
R13: 00
R14: 00
R15: 32
-----------------------

IP: 00000018
Flags: 01
Current Instruction: xxxx
R00: 02
R01: 03
R02: 03
R03: 03
R04: 00
R05: 00
R06: 00
R07: 00
R08: 00
R09: 00
R10: 00
R11: 00
R12: 00
R13: 00
R14: 00
R15: 32
-----------------------

IP: 00000018
Flags: 01
Current Instruction: xxxx
R00: 02
R01: 03
R02: 03
R03: 03
R04: 00
R05: 00
R06: 00
R07: 00
R08: 00
R09: 00
R10: 00
R11: 00
R12: 00
R13: 00
R14: 00
R15: 32
-----------------------

IP: 00000018
Flags: 01
Current Instruction: xxxx
R00: 02
R01: 03
R02: 03
R03: 03
R04: 00
R05: 00
R06: 00
R07: 00
R08: 00
R09: 00
R10: 00
R11: 00
R12: 00
R13: 00
R14: 00
R15: 32
-----------------------

IP: 00000018
Flags: 01
Current Instruction: xxxx
R00: 02
R01: 03
R02: 03
R03: 03
R04: 00
R05: 00
R06: 00
R07: 00
R08: 00
R09: 00
R10: 00
R11: 00
R12: 00
R13: 00
R14: 00
R15: 32
-----------------------

IP: 00000018
Flags: 01
Current Instruction: xxxx
R00: 02
R01: 03
R02: 03
R03: 03
R04: 00
R05: 00
R06: 00
R07: 00
R08: 00
R09: 00
R10: 00
R11: 00
R12: 00
R13: 00
R14: 00
R15: 32
-----------------------

IP: 00000018
Flags: 01
Current Instruction: xxxx
R00: 02
R01: 03
R02: 03
R03: 03
R04: 00
R05: 00
R06: 00
R07: 00
R08: 00
R09: 00
R10: 00
R11: 00
R12: 00
R13: 00
R14: 00
R15: 32
-----------------------

IP: 00000018
Flags: 01
Current Instruction: xxxx
R00: 02
R01: 03
R02: 03
R03: 03
R04: 00
R05: 00
R06: 00
R07: 00
R08: 00
R09: 00
R10: 00
R11: 00
R12: 00
R13: 00
R14: 00
R15: 32
-----------------------

IP: 00000018
Flags: 01
Current Instruction: xxxx
R00: 02
R01: 03
R02: 03
R03: 03
R04: 00
R05: 00
R06: 00
R07: 00
R08: 00
R09: 00
R10: 00
R11: 00
R12: 00
R13: 00
R14: 00
R15: 32
-----------------------

IP: 00000018
Flags: 01
Current Instruction: xxxx
R00: 02
R01: 03
R02: 03
R03: 03
R04: 00
R05: 00
R06: 00
R07: 00
R08: 00
R09: 00
R10: 00
R11: 00
R12: 00
R13: 00
R14: 00
R15: 32
-----------------------

IP: 00000018
Flags: 01
Current Instruction: xxxx
R00: 02
R01: 03
R02: 03
R03: 03
R04: 00
R05: 00
R06: 00
R07: 00
R08: 00
R09: 00
R10: 00
R11: 00
R12: 00
R13: 00
R14: 00
R15: 32
-----------------------

IP: 00000018
Flags: 01
Current Instruction: xxxx
R00: 02
R01: 03
R02: 03
R03: 03
R04: 00
R05: 00
R06: 00
R07: 00
R08: 00
R09: 00
R10: 00
R11: 00
R12: 00
R13: 00
R14: 00
R15: 32
-----------------------

IP: 00000018
Flags: 01
Current Instruction: xxxx
R00: 02
R01: 03
R02: 03
R03: 03
R04: 00
R05: 00
R06: 00
R07: 00
R08: 00
R09: 00
R10: 00
R11: 00
R12: 00
R13: 00
R14: 00
R15: 32
-----------------------

IP: 00000018
Flags: 01
Current Instruction: xxxx
R00: 02
R01: 03
R02: 03
R03: 03
R04: 00
R05: 00
R06: 00
R07: 00
R08: 00
R09: 00
R10: 00
R11: 00
R12: 00
R13: 00
R14: 00
R15: 32
-----------------------

IP: 00000018
Flags: 01
Current Instruction: xxxx
R00: 02
R01: 03
R02: 03
R03: 03
R04: 00
R05: 00
R06: 00
R07: 00
R08: 00
R09: 00
R10: 00
R11: 00
R12: 00
R13: 00
R14: 00
R15: 32
-----------------------

IP: 00000018
Flags: 01
Current Instruction: xxxx
R00: 02
R01: 03
R02: 03
R03: 03
R04: 00
R05: 00
R06: 00
R07: 00
R08: 00
R09: 00
R10: 00
R11: 00
R12: 00
R13: 00
R14: 00
R15: 32
-----------------------

IP: 00000018
Flags: 01
Current Instruction: xxxx
R00: 02
R01: 03
R02: 03
R03: 03
R04: 00
R05: 00
R06: 00
R07: 00
R08: 00
R09: 00
R10: 00
R11: 00
R12: 00
R13: 00
R14: 00
R15: 32
-----------------------

$finish called at time : 9080 ns : File "C:/Users/mdescos/Documents/GitHub/8CPU/Vivado/CPU.srcs/sim_1/new/cpu_tb.v" Line 15
